[10110:259:0510/142822.105241:WARNING:chrome_main_delegate.cc(750)] This is Chrome version 124.0.6367.156 (not a warning)
[10110:259:0510/142822.274907:INFO:chrome_browser_cloud_management_controller.cc(168)] Starting CBCM Controller Initialization
[10110:259:0510/142822.274966:INFO:chrome_browser_cloud_management_controller.cc(196)] No machine level policy manager exists.
[10110:259:0510/142822.315515:WARNING:browser_management_service.cc(128)] EnterpriseLogoUrl fetch failed with error code -1 and MIME type 
[10110:259:0510/142825.210457:WARNING:CONSOLE(0)] "Third-party cookie will be blocked. Learn more in the Issues tab.", source: chrome://new-tab-page/ (0)
[10110:259:0510/142825.657610:INFO:CONSOLE(0)] "Error with Permissions-Policy header: Origin trial controlled feature not enabled: 'browsing-topics'.", source:  (0)
[10110:259:0510/142826.606094:INFO:CONSOLE(2)] "WARNING: Search UI container with id "searchfield-container" not found", source: https://cdn.jsdelivr.net/npm/addsearch-search-ui@0.4/dist/addsearch-search-ui.min.js (2)
[10110:259:0510/142826.606378:INFO:CONSOLE(2)] "WARNING: Search UI container with id "autocomplete" not found", source: https://cdn.jsdelivr.net/npm/addsearch-search-ui@0.4/dist/addsearch-search-ui.min.js (2)
[10110:259:0510/142826.606611:INFO:CONSOLE(2)] "WARNING: Search UI container with id "result-count" not found", source: https://cdn.jsdelivr.net/npm/addsearch-search-ui@0.4/dist/addsearch-search-ui.min.js (2)
[10110:259:0510/142826.606671:INFO:CONSOLE(2)] "WARNING: Search UI container with id "results-container" not found", source: https://cdn.jsdelivr.net/npm/addsearch-search-ui@0.4/dist/addsearch-search-ui.min.js (2)
[10110:259:0510/142826.606868:INFO:CONSOLE(2)] "WARNING: Search UI container with id "pagination-container" not found", source: https://cdn.jsdelivr.net/npm/addsearch-search-ui@0.4/dist/addsearch-search-ui.min.js (2)
[10110:259:0510/142826.607014:INFO:CONSOLE(2)] "WARNING: Search UI container with id "region-filter" not found", source: https://cdn.jsdelivr.net/npm/addsearch-search-ui@0.4/dist/addsearch-search-ui.min.js (2)
[10110:259:0510/142826.607076:INFO:CONSOLE(2)] "WARNING: Search UI container with id "page-type-filter" not found", source: https://cdn.jsdelivr.net/npm/addsearch-search-ui@0.4/dist/addsearch-search-ui.min.js (2)
[10110:259:0510/142826.607223:INFO:CONSOLE(2)] "WARNING: Search UI container with id "active-filters-container" not found", source: https://cdn.jsdelivr.net/npm/addsearch-search-ui@0.4/dist/addsearch-search-ui.min.js (2)
[10110:259:0510/142826.607276:INFO:CONSOLE(2)] "WARNING: Search UI container with id "overlay-search-container" not found", source: https://cdn.jsdelivr.net/npm/addsearch-search-ui@0.4/dist/addsearch-search-ui.min.js (2)
[10110:259:0510/142826.607422:INFO:CONSOLE(2)] "WARNING: Search UI container with id "overlay-search-autocomplete" not found", source: https://cdn.jsdelivr.net/npm/addsearch-search-ui@0.4/dist/addsearch-search-ui.min.js (2)
[10110:259:0510/142827.111781:INFO:CONSOLE(98)] "Unrecognized feature: 'attribution-reporting'.", source: https://connect.facebook.net/signals/config/382719102745166?v=2.9.156&r=stable&domain=www.hotelleriesuisse.ch&hme=c3a545c63044e8e9102d4f32d84a1137594d024f28e801d670bc76dc5c075575&ex_m=67%2C112%2C99%2C103%2C58%2C3%2C93%2C66%2C15%2C91%2C84%2C49%2C51%2C158%2C161%2C172%2C168%2C169%2C171%2C28%2C94%2C50%2C73%2C170%2C153%2C156%2C165%2C166%2C173%2C121%2C14%2C48%2C178%2C177%2C123%2C17%2C33%2C38%2C1%2C41%2C62%2C63%2C64%2C68%2C88%2C16%2C13%2C90%2C87%2C86%2C100%2C102%2C37%2C101%2C29%2C25%2C154%2C157%2C130%2C27%2C10%2C11%2C12%2C5%2C6%2C24%2C21%2C22%2C54%2C59%2C61%2C71%2C95%2C26%2C72%2C8%2C7%2C76%2C46%2C20%2C97%2C96%2C9%2C19%2C18%2C81%2C53%2C79%2C32%2C70%2C0%2C89%2C31%2C78%2C83%2C45%2C44%2C82%2C36%2C4%2C85%2C77%2C42%2C39%2C34%2C80%2C2%2C35%2C60%2C40%2C98%2C43%2C75%2C65%2C104%2C57%2C56%2C30%2C92%2C55%2C52%2C47%2C74%2C69%2C23%2C105 (98)
[10110:259:0510/142832.764670:WARNING:controller_impl.cc(1191)] Background download complete, client: 6, completion type: 0, file size:5160
[10110:259:0510/142832.966276:WARNING:controller_impl.cc(1191)] Background download complete, client: 6, completion type: 0, file size:265059
[10110:259:0510/142833.181611:WARNING:controller_impl.cc(1191)] Background download complete, client: 6, completion type: 0, file size:45151
[10110:259:0510/142833.364294:WARNING:controller_impl.cc(1191)] Background download complete, client: 6, completion type: 0, file size:2200227
[10110:259:0510/142833.485579:WARNING:controller_impl.cc(1191)] Background download complete, client: 6, completion type: 0, file size:4680
[10110:259:0510/142833.794602:WARNING:controller_impl.cc(1191)] Background download complete, client: 6, completion type: 0, file size:2747169
[10110:259:0510/142834.799685:WARNING:controller_impl.cc(1191)] Background download complete, client: 6, completion type: 0, file size:1463571
[10110:259:0510/142836.358821:WARNING:controller_impl.cc(1191)] Background download complete, client: 6, completion type: 0, file size:3844
[10110:259:0510/142846.053513:WARNING:CONSOLE(0)] "Third-party cookie will be blocked. Learn more in the Issues tab.", source: chrome://new-tab-page/ (0)
[10110:259:0510/142846.053604:WARNING:CONSOLE(0)] "Third-party cookie will be blocked. Learn more in the Issues tab.", source: chrome://new-tab-page/ (0)
[10110:259:0510/142851.719167:INFO:CONSOLE(137)] "[Report Only] This document requires 'TrustedScriptURL' assignment.", source: https://www.google.com/intl/ru/gmail/about/ (137)
[10110:259:0510/142853.408290:INFO:CONSOLE(0)] "Error with Permissions-Policy header: Unrecognized feature: 'ch-ua-form-factor'.", source:  (0)
[10110:259:0510/142853.647507:INFO:CONSOLE(0)] "[DOM] Input elements should have autocomplete attributes (suggested: "current-password"): (More info: https://goo.gl/9p2vKq) %o", source: https://accounts.google.com/v3/signin/identifier?continue=https%3A%2F%2Fmail.google.com%2Fmail%2F&ifkv=AaSxoQw9pDUCvdgFkJ6y_COGKvDzk_n3NSlQT4SZ0Onnqc-t1noSrIEtiSQcPdHBoN6bG8ydVNvYvw&rip=1&sacu=1&service=mail&flowName=GlifWebSignIn&flowEntry=ServiceLogin&dsh=S-804947334%3A1715340533332467&theme=mn&ddm=0 (0)
[10110:259:0510/142853.657816:INFO:CONSOLE(289)] "%c%s color: red; background: yellow; font-size: 24px; ВНИМАНИЕ!", source: https://www.gstatic.com/_/mss/boq-identity/_/js/k=boq-identity.AccountsSignInUi.ru.x8hZHhghMCY.es5.O/am=PwwW0YljARAjzgMfoBQIGQAAAAAAQAAAsAaYGQ/d=1/excm=_b,_tp,identifierview/ed=1/dg=0/wt=2/ujg=1/rs=AOaEmlFCmeU8BT7plqLJFktklS6sdJibPw/m=_b,_tp (289)
[10110:259:0510/142853.657869:INFO:CONSOLE(289)] "%c%s font-size: 18px; При использовании этой консоли вы можете подвергнуться атаке Self-XSS, что позволит злоумышленникам совершать действия от вашего имени и получать доступ к вашим личным данным.
Не вводите и не вставляйте программный код, который не понимаете.", source: https://www.gstatic.com/_/mss/boq-identity/_/js/k=boq-identity.AccountsSignInUi.ru.x8hZHhghMCY.es5.O/am=PwwW0YljARAjzgMfoBQIGQAAAAAAQAAAsAaYGQ/d=1/excm=_b,_tp,identifierview/ed=1/dg=0/wt=2/ujg=1/rs=AOaEmlFCmeU8BT7plqLJFktklS6sdJibPw/m=_b,_tp (289)
[10110:259:0510/142854.192030:INFO:CONSOLE(0)] "Error with Permissions-Policy header: Unrecognized feature: 'ch-ua-form-factor'.", source:  (0)
[10110:259:0510/142854.331479:INFO:CONSOLE(0)] "Error with Permissions-Policy header: Unrecognized feature: 'ch-ua-form-factor'.", source:  (0)
[10110:259:0510/142854.331603:INFO:CONSOLE(0)] "An iframe which has both allow-scripts and allow-same-origin for its sandbox attribute can escape its sandboxing.", source: https://accounts.youtube.com/accounts/CheckConnection?pmpo=https%3A%2F%2Faccounts.google.com&v=551355037&timestamp=1715340534055 (0)
[10110:259:0510/142854.571033:WARNING:capture_device_ranking.h(255)] Can't initialize the value of media.audio_input.user_preference_ranking because media.default_audio_capture_device isn't registered or is empty
[10110:259:0510/142854.571111:WARNING:capture_device_ranking.h(255)] Can't initialize the value of media.video_input.user_preference_ranking because media.default_video_capture_Device isn't registered or is empty
[10110:259:0510/142854.571235:WARNING:capture_device_ranking.h(255)] Can't initialize the value of media.audio_input.user_preference_ranking because media.default_audio_capture_device isn't registered or is empty
[10110:259:0510/142854.571275:WARNING:capture_device_ranking.h(255)] Can't initialize the value of media.video_input.user_preference_ranking because media.default_video_capture_Device isn't registered or is empty
[10110:259:0510/142907.353672:WARNING:pref_notifier_impl.cc(41)] Pref observer for media_router.cast_allow_all_ips found at shutdown.
